<?xml version="1.0" encoding="UTF-8"?>
<testng-results ignored="0" total="3" passed="3" failed="0" skipped="0">
  <reporter-output>
  </reporter-output>
  <suite started-at="2025-01-13T15:46:20 IST" name="Test Suite" finished-at="2025-01-13T15:46:39 IST" duration-ms="18426">
    <groups>
      <group name="cucumber">
        <method signature="AbstractTestNGCucumberTests.runScenario(io.cucumber.testng.PickleWrapper,io.cucumber.testng.FeatureWrapper)[pri:0, instance:Runner.TestRunner@1189dd52]" name="runScenario" class="io.cucumber.testng.AbstractTestNGCucumberTests"/>
      </group> <!-- cucumber -->
    </groups>
    <test started-at="2025-01-13T15:46:20 IST" name="Test Name" finished-at="2025-01-13T15:46:39 IST" duration-ms="18426">
      <class name="Runner.TestRunner">
        <test-method is-config="true" signature="setUpClass(org.testng.ITestContext)[pri:0, instance:Runner.TestRunner@1189dd52]" started-at="2025-01-13T15:46:20 IST" name="setUpClass" finished-at="2025-01-13T15:46:21 IST" duration-ms="351" status="PASS">
          <params>
            <param index="0">
              <value>
                <![CDATA[org.testng.TestRunner@14e750c5]]>
              </value>
            </param>
          </params>
          <reporter-output>
          </reporter-output>
        </test-method> <!-- setUpClass -->
        <test-method signature="runScenario(io.cucumber.testng.PickleWrapper,io.cucumber.testng.FeatureWrapper)[pri:0, instance:Runner.TestRunner@1189dd52]" started-at="2025-01-13T15:46:21 IST" name="runScenario" description="Runs Cucumber Scenarios" data-provider="scenarios" finished-at="2025-01-13T15:46:25 IST" duration-ms="4425" status="PASS">
          <params>
            <param index="0">
              <value>
                <![CDATA["Successful Login"]]>
              </value>
            </param>
            <param index="1">
              <value>
                <![CDATA["Login and Dynamic Table Validation"]]>
              </value>
            </param>
          </params>
          <reporter-output>
          </reporter-output>
        </test-method> <!-- runScenario -->
        <test-method signature="runScenario(io.cucumber.testng.PickleWrapper,io.cucumber.testng.FeatureWrapper)[pri:0, instance:Runner.TestRunner@1189dd52]" started-at="2025-01-13T15:46:25 IST" name="runScenario" description="Runs Cucumber Scenarios" data-provider="scenarios" finished-at="2025-01-13T15:46:34 IST" duration-ms="8741" status="PASS">
          <params>
            <param index="0">
              <value>
                <![CDATA["Successful Login"]]>
              </value>
            </param>
            <param index="1">
              <value>
                <![CDATA["Login and Dynamic Table Validation"]]>
              </value>
            </param>
          </params>
          <reporter-output>
          </reporter-output>
        </test-method> <!-- runScenario -->
        <test-method signature="runScenario(io.cucumber.testng.PickleWrapper,io.cucumber.testng.FeatureWrapper)[pri:0, instance:Runner.TestRunner@1189dd52]" started-at="2025-01-13T15:46:34 IST" name="runScenario" description="Runs Cucumber Scenarios" data-provider="scenarios" finished-at="2025-01-13T15:46:38 IST" duration-ms="3546" status="PASS">
          <params>
            <param index="0">
              <value>
                <![CDATA["Successful Login"]]>
              </value>
            </param>
            <param index="1">
              <value>
                <![CDATA["Login and Dynamic Table Validation"]]>
              </value>
            </param>
          </params>
          <reporter-output>
          </reporter-output>
        </test-method> <!-- runScenario -->
        <test-method is-config="true" signature="tearDownClass()[pri:0, instance:Runner.TestRunner@1189dd52]" started-at="2025-01-13T15:46:38 IST" name="tearDownClass" finished-at="2025-01-13T15:46:39 IST" duration-ms="1334" status="PASS">
          <reporter-output>
          </reporter-output>
        </test-method> <!-- tearDownClass -->
      </class> <!-- Runner.TestRunner -->
    </test> <!-- Test Name -->
  </suite> <!-- Test Suite -->
</testng-results>
