<?xml version="1.0" encoding="UTF-8"?>
<testsuite xmlns:xsi="http://www.w3.org/2001/XMLSchema-instance" xsi:noNamespaceSchemaLocation="https://maven.apache.org/surefire/maven-surefire-plugin/xsd/surefire-test-report-3.0.xsd" version="3.0" name="TestSuite" time="18.831" tests="3" errors="0" skipped="0" failures="0">
  <properties>
[...]
</properties>
  <testcase name="runScenario[&quot;Successful Login&quot;, &quot;Login and Dynamic Table Validation&quot;](1)" classname="Runner.TestRunner" time="4.424">
    <system-out><![CDATA[
@LoginTest
Scenario Outline: Successful Login                    # src/test/resources/features/Login.feature:10
  Given User is on the login page                     # stepdefs.LoginStepDef.user_is_on_the_login_page()
  When User enters "standard_user" and "secret_sauce" # stepdefs.LoginStepDef.user_enters_and(java.lang.String,java.lang.String)
Login successfully
  Then User is navigated to the dashboard             # stepdefs.LoginStepDef.user_is_navigated_to_the_dashboard()
  And user is able to click the logout                # stepdefs.LoginStepDef.user_is_able_to_click_the_logout()
]]></system-out>
    <system-err><![CDATA[SLF4J: No SLF4J providers were found.
SLF4J: Defaulting to no-operation (NOP) logger implementation
SLF4J: See https://www.slf4j.org/codes.html#noProviders for further details.
SLF4J: Class path contains SLF4J bindings targeting slf4j-api versions 1.7.x or earlier.
SLF4J: Ignoring binding found at [jar:file:/C:/Users/ShanmugaK/.m2/repository/org/apache/logging/log4j/log4j-slf4j-impl/2.14.1/log4j-slf4j-impl-2.14.1.jar!/org/slf4j/impl/StaticLoggerBinder.class]
SLF4J: See https://www.slf4j.org/codes.html#ignoredBindings for an explanation.
Jan 13, 2025 3:46:24 PM org.openqa.selenium.devtools.CdpVersionFinder findNearestMatch
WARNING: Unable to find CDP implementation matching 131
Jan 13, 2025 3:46:24 PM org.openqa.selenium.chromium.ChromiumDriver lambda$new$5
WARNING: Unable to find version of CDP to use for 131.0.6778.205. You may need to include a dependency on a specific version of the CDP using something similar to `org.seleniumhq.selenium:selenium-devtools-v86:4.21.0` where the version ("v86") matches the version of the chromium-based browser you're using and the version number of the artifact is the same as Selenium's.
]]></system-err>
  </testcase>
  <testcase name="runScenario[&quot;Successful Login&quot;, &quot;Login and Dynamic Table Validation&quot;](2)" classname="Runner.TestRunner" time="8.745">
    <system-out><![CDATA[
@LoginTest
Scenario Outline: Successful Login                              # src/test/resources/features/Login.feature:11
  Given User is on the login page                               # stepdefs.LoginStepDef.user_is_on_the_login_page()
  When User enters "performance_glitch_user" and "secret_sauce" # stepdefs.LoginStepDef.user_enters_and(java.lang.String,java.lang.String)
Login successfully
  Then User is navigated to the dashboard                       # stepdefs.LoginStepDef.user_is_navigated_to_the_dashboard()
  And user is able to click the logout                          # stepdefs.LoginStepDef.user_is_able_to_click_the_logout()
]]></system-out>
    <system-err><![CDATA[Jan 13, 2025 3:46:28 PM org.openqa.selenium.devtools.CdpVersionFinder findNearestMatch
WARNING: Unable to find CDP implementation matching 131
Jan 13, 2025 3:46:28 PM org.openqa.selenium.chromium.ChromiumDriver lambda$new$5
WARNING: Unable to find version of CDP to use for 131.0.6778.205. You may need to include a dependency on a specific version of the CDP using something similar to `org.seleniumhq.selenium:selenium-devtools-v86:4.21.0` where the version ("v86") matches the version of the chromium-based browser you're using and the version number of the artifact is the same as Selenium's.
]]></system-err>
  </testcase>
  <testcase name="runScenario[&quot;Successful Login&quot;, &quot;Login and Dynamic Table Validation&quot;](3)" classname="Runner.TestRunner" time="3.546">
    <system-out><![CDATA[
@LoginTest
Scenario Outline: Successful Login                   # src/test/resources/features/Login.feature:12
  Given User is on the login page                    # stepdefs.LoginStepDef.user_is_on_the_login_page()
  When User enters "problem_user" and "secret_sauce" # stepdefs.LoginStepDef.user_enters_and(java.lang.String,java.lang.String)
Login successfully
  Then User is navigated to the dashboard            # stepdefs.LoginStepDef.user_is_navigated_to_the_dashboard()
  And user is able to click the logout               # stepdefs.LoginStepDef.user_is_able_to_click_the_logout()
]]></system-out>
    <system-err><![CDATA[Jan 13, 2025 3:46:37 PM org.openqa.selenium.devtools.CdpVersionFinder findNearestMatch
WARNING: Unable to find CDP implementation matching 131
Jan 13, 2025 3:46:37 PM org.openqa.selenium.chromium.ChromiumDriver lambda$new$5
WARNING: Unable to find version of CDP to use for 131.0.6778.205. You may need to include a dependency on a specific version of the CDP using something similar to `org.seleniumhq.selenium:selenium-devtools-v86:4.21.0` where the version ("v86") matches the version of the chromium-based browser you're using and the version number of the artifact is the same as Selenium's.
]]></system-err>
  </testcase>
</testsuite>