<?xml version="1.0" encoding="UTF-8"?>
<!-- Generated by org.testng.reporters.JUnitReportReporter -->
<testsuite hostname="SHANMUGAK-349" failures="0" tests="3" name="Runner.TestRunner" time="16.712" errors="0" timestamp="2025-01-13T15:46:39 IST" skipped="0">
  <testcase classname="Runner.TestRunner" name="runScenario" time="8.741"/>
  <system-out/>
  <testcase classname="Runner.TestRunner" name="runScenario" time="4.425"/>
  <system-out/>
  <testcase classname="Runner.TestRunner" name="runScenario" time="3.546"/>
  <system-out/>
</testsuite> <!-- Runner.TestRunner -->
